{"C:\\crud-api-users-main\\src\\app.js": {"path":"C:\\crud-api-users-main\\src\\app.js","statementMap":{"0":{"start":{"line":2,"column":16},"end":{"line":2,"column":34}},"1":{"start":{"line":3,"column":12},"end":{"line":3,"column":21}},"2":{"start":{"line":6,"column":21},"end":{"line":6,"column":24}},"3":{"start":{"line":10,"column":2},"end":{"line":10,"column":44}},"4":{"start":{"line":14,"column":0},"end":{"line":14,"column":50}},"5":{"start":{"line":14,"column":27},"end":{"line":14,"column":48}},"6":{"start":{"line":17,"column":0},"end":{"line":17,"column":21}},"7":{"start":{"line":20,"column":0},"end":{"line":22,"column":1}},"8":{"start":{"line":21,"column":2},"end":{"line":21,"column":58}},"9":{"start":{"line":21,"column":25},"end":{"line":21,"column":56}}},"fnMap":{"0":{"name":"funcaoNaoUsada","decl":{"start":{"line":9,"column":9},"end":{"line":9,"column":23}},"loc":{"start":{"line":9,"column":26},"end":{"line":11,"column":1}},"line":9},"1":{"name":"(anonymous_1)","decl":{"start":{"line":14,"column":13},"end":{"line":14,"column":14}},"loc":{"start":{"line":14,"column":27},"end":{"line":14,"column":48}},"line":14},"2":{"name":"(anonymous_2)","decl":{"start":{"line":21,"column":19},"end":{"line":21,"column":20}},"loc":{"start":{"line":21,"column":25},"end":{"line":21,"column":56}},"line":21}},"branchMap":{"0":{"loc":{"start":{"line":20,"column":0},"end":{"line":22,"column":1}},"type":"if","locations":[{"start":{"line":20,"column":0},"end":{"line":22,"column":1}},{"start":{},"end":{}}],"line":20}},"s":{"0":1,"1":1,"2":1,"3":0,"4":1,"5":1,"6":1,"7":1,"8":0,"9":0},"f":{"0":0,"1":1,"2":0},"b":{"0":[0,1]},"_coverageSchema":"1a1c01bbd47fc00a2c39e90264f33305004495a9","hash":"3ea6624610c8c73a6043891f7a9e4d0147048569"}
,"C:\\crud-api-users-main\\src\\controllers\\userController.js": {"path":"C:\\crud-api-users-main\\src\\controllers\\userController.js","statementMap":{"0":{"start":{"line":1,"column":18},"end":{"line":1,"column":48}},"1":{"start":{"line":4,"column":18},"end":{"line":11,"column":1}},"2":{"start":{"line":5,"column":4},"end":{"line":10,"column":5}},"3":{"start":{"line":6,"column":22},"end":{"line":6,"column":51}},"4":{"start":{"line":7,"column":8},"end":{"line":7,"column":36}},"5":{"start":{"line":9,"column":8},"end":{"line":9,"column":55}},"6":{"start":{"line":14,"column":20},"end":{"line":22,"column":1}},"7":{"start":{"line":15,"column":4},"end":{"line":21,"column":5}},"8":{"start":{"line":16,"column":21},"end":{"line":16,"column":73}},"9":{"start":{"line":17,"column":8},"end":{"line":17,"column":85}},"10":{"start":{"line":17,"column":19},"end":{"line":17,"column":85}},"11":{"start":{"line":18,"column":8},"end":{"line":18,"column":35}},"12":{"start":{"line":20,"column":8},"end":{"line":20,"column":55}},"13":{"start":{"line":25,"column":19},"end":{"line":32,"column":1}},"14":{"start":{"line":26,"column":4},"end":{"line":31,"column":5}},"15":{"start":{"line":27,"column":24},"end":{"line":27,"column":60}},"16":{"start":{"line":28,"column":8},"end":{"line":28,"column":38}},"17":{"start":{"line":30,"column":8},"end":{"line":30,"column":55}},"18":{"start":{"line":35,"column":19},"end":{"line":42,"column":1}},"19":{"start":{"line":36,"column":4},"end":{"line":41,"column":5}},"20":{"start":{"line":37,"column":28},"end":{"line":37,"column":89}},"21":{"start":{"line":38,"column":8},"end":{"line":38,"column":42}},"22":{"start":{"line":40,"column":8},"end":{"line":40,"column":55}},"23":{"start":{"line":45,"column":19},"end":{"line":52,"column":1}},"24":{"start":{"line":46,"column":4},"end":{"line":51,"column":5}},"25":{"start":{"line":47,"column":8},"end":{"line":47,"column":60}},"26":{"start":{"line":48,"column":8},"end":{"line":48,"column":31}},"27":{"start":{"line":50,"column":8},"end":{"line":50,"column":55}},"28":{"start":{"line":54,"column":0},"end":{"line":54,"column":80}}},"fnMap":{"0":{"name":"(anonymous_0)","decl":{"start":{"line":4,"column":18},"end":{"line":4,"column":19}},"loc":{"start":{"line":4,"column":38},"end":{"line":11,"column":1}},"line":4},"1":{"name":"(anonymous_1)","decl":{"start":{"line":14,"column":20},"end":{"line":14,"column":21}},"loc":{"start":{"line":14,"column":40},"end":{"line":22,"column":1}},"line":14},"2":{"name":"(anonymous_2)","decl":{"start":{"line":25,"column":19},"end":{"line":25,"column":20}},"loc":{"start":{"line":25,"column":39},"end":{"line":32,"column":1}},"line":25},"3":{"name":"(anonymous_3)","decl":{"start":{"line":35,"column":19},"end":{"line":35,"column":20}},"loc":{"start":{"line":35,"column":39},"end":{"line":42,"column":1}},"line":35},"4":{"name":"(anonymous_4)","decl":{"start":{"line":45,"column":19},"end":{"line":45,"column":20}},"loc":{"start":{"line":45,"column":39},"end":{"line":52,"column":1}},"line":45}},"branchMap":{"0":{"loc":{"start":{"line":17,"column":8},"end":{"line":17,"column":85}},"type":"if","locations":[{"start":{"line":17,"column":8},"end":{"line":17,"column":85}},{"start":{},"end":{}}],"line":17}},"s":{"0":1,"1":1,"2":2,"3":2,"4":1,"5":1,"6":1,"7":1,"8":1,"9":1,"10":0,"11":1,"12":0,"13":1,"14":1,"15":1,"16":1,"17":0,"18":1,"19":1,"20":1,"21":1,"22":0,"23":1,"24":1,"25":1,"26":1,"27":0,"28":1},"f":{"0":2,"1":1,"2":1,"3":1,"4":1},"b":{"0":[0,1]},"_coverageSchema":"1a1c01bbd47fc00a2c39e90264f33305004495a9","hash":"dd9246f4613c509b581fec1254b2255a36ebd2bc"}
,"C:\\crud-api-users-main\\src\\services\\userService.js": {"path":"C:\\crud-api-users-main\\src\\services\\userService.js","statementMap":{"0":{"start":{"line":1,"column":35},"end":{"line":1,"column":65}},"1":{"start":{"line":4,"column":18},"end":{"line":6,"column":1}},"2":{"start":{"line":5,"column":4},"end":{"line":5,"column":25}},"3":{"start":{"line":9,"column":20},"end":{"line":12,"column":1}},"4":{"start":{"line":10,"column":18},"end":{"line":10,"column":31}},"5":{"start":{"line":11,"column":4},"end":{"line":11,"column":46}},"6":{"start":{"line":11,"column":30},"end":{"line":11,"column":44}},"7":{"start":{"line":15,"column":19},"end":{"line":22,"column":1}},"8":{"start":{"line":16,"column":18},"end":{"line":16,"column":31}},"9":{"start":{"line":17,"column":18},"end":{"line":17,"column":84}},"10":{"start":{"line":17,"column":67},"end":{"line":17,"column":74}},"11":{"start":{"line":18,"column":20},"end":{"line":18,"column":46}},"12":{"start":{"line":19,"column":4},"end":{"line":19,"column":24}},"13":{"start":{"line":20,"column":4},"end":{"line":20,"column":21}},"14":{"start":{"line":21,"column":4},"end":{"line":21,"column":19}},"15":{"start":{"line":25,"column":19},"end":{"line":32,"column":1}},"16":{"start":{"line":26,"column":18},"end":{"line":26,"column":31}},"17":{"start":{"line":27,"column":22},"end":{"line":27,"column":61}},"18":{"start":{"line":27,"column":46},"end":{"line":27,"column":60}},"19":{"start":{"line":28,"column":4},"end":{"line":28,"column":69}},"20":{"start":{"line":28,"column":26},"end":{"line":28,"column":69}},"21":{"start":{"line":29,"column":4},"end":{"line":29,"column":63}},"22":{"start":{"line":30,"column":4},"end":{"line":30,"column":21}},"23":{"start":{"line":31,"column":4},"end":{"line":31,"column":28}},"24":{"start":{"line":35,"column":19},"end":{"line":40,"column":1}},"25":{"start":{"line":36,"column":18},"end":{"line":36,"column":31}},"26":{"start":{"line":37,"column":25},"end":{"line":37,"column":61}},"27":{"start":{"line":37,"column":46},"end":{"line":37,"column":60}},"28":{"start":{"line":38,"column":4},"end":{"line":38,"column":89}},"29":{"start":{"line":38,"column":46},"end":{"line":38,"column":89}},"30":{"start":{"line":39,"column":4},"end":{"line":39,"column":28}},"31":{"start":{"line":42,"column":0},"end":{"line":42,"column":80}}},"fnMap":{"0":{"name":"(anonymous_0)","decl":{"start":{"line":4,"column":18},"end":{"line":4,"column":19}},"loc":{"start":{"line":4,"column":24},"end":{"line":6,"column":1}},"line":4},"1":{"name":"(anonymous_1)","decl":{"start":{"line":9,"column":20},"end":{"line":9,"column":21}},"loc":{"start":{"line":9,"column":28},"end":{"line":12,"column":1}},"line":9},"2":{"name":"(anonymous_2)","decl":{"start":{"line":11,"column":22},"end":{"line":11,"column":23}},"loc":{"start":{"line":11,"column":30},"end":{"line":11,"column":44}},"line":11},"3":{"name":"(anonymous_3)","decl":{"start":{"line":15,"column":19},"end":{"line":15,"column":20}},"loc":{"start":{"line":15,"column":33},"end":{"line":22,"column":1}},"line":15},"4":{"name":"(anonymous_4)","decl":{"start":{"line":17,"column":59},"end":{"line":17,"column":60}},"loc":{"start":{"line":17,"column":67},"end":{"line":17,"column":74}},"line":17},"5":{"name":"(anonymous_5)","decl":{"start":{"line":25,"column":19},"end":{"line":25,"column":20}},"loc":{"start":{"line":25,"column":40},"end":{"line":32,"column":1}},"line":25},"6":{"name":"(anonymous_6)","decl":{"start":{"line":27,"column":38},"end":{"line":27,"column":39}},"loc":{"start":{"line":27,"column":46},"end":{"line":27,"column":60}},"line":27},"7":{"name":"(anonymous_7)","decl":{"start":{"line":35,"column":19},"end":{"line":35,"column":20}},"loc":{"start":{"line":35,"column":27},"end":{"line":40,"column":1}},"line":35},"8":{"name":"(anonymous_8)","decl":{"start":{"line":37,"column":38},"end":{"line":37,"column":39}},"loc":{"start":{"line":37,"column":46},"end":{"line":37,"column":60}},"line":37}},"branchMap":{"0":{"loc":{"start":{"line":17,"column":18},"end":{"line":17,"column":84}},"type":"cond-expr","locations":[{"start":{"line":17,"column":37},"end":{"line":17,"column":80}},{"start":{"line":17,"column":83},"end":{"line":17,"column":84}}],"line":17},"1":{"loc":{"start":{"line":28,"column":4},"end":{"line":28,"column":69}},"type":"if","locations":[{"start":{"line":28,"column":4},"end":{"line":28,"column":69}},{"start":{},"end":{}}],"line":28},"2":{"loc":{"start":{"line":38,"column":4},"end":{"line":38,"column":89}},"type":"if","locations":[{"start":{"line":38,"column":4},"end":{"line":38,"column":89}},{"start":{},"end":{}}],"line":38}},"s":{"0":1,"1":1,"2":1,"3":1,"4":2,"5":2,"6":2,"7":1,"8":1,"9":1,"10":1,"11":1,"12":1,"13":1,"14":1,"15":1,"16":2,"17":2,"18":1,"19":2,"20":1,"21":1,"22":1,"23":1,"24":1,"25":2,"26":2,"27":2,"28":2,"29":1,"30":1,"31":1},"f":{"0":1,"1":2,"2":2,"3":1,"4":1,"5":2,"6":1,"7":2,"8":2},"b":{"0":[1,0],"1":[1,1],"2":[1,1]},"_coverageSchema":"1a1c01bbd47fc00a2c39e90264f33305004495a9","hash":"ab82ca94c089405b70449721c63db97e22a0351c"}
}
